[LOG] System::create                           : Header version = 2.01.07. Current version = 2.01.07.
[LOG] Manager::init                            : maxchannels = 256 studioflags = 00000006 flags 00000000 extradriverdata 0x0.
[LOG] SystemI::init                            : Initialize version=20107 (113487), maxchannels=256, flags=0x00020000
[LOG] SystemI::setOutputInternal               : Setting output to 'FMOD Core Audio Output'
[LOG] OutputCoreAudio::init                    : Output running 2 channels at 48000Hz sample rate.
[LOG] OutputCoreAudio::init                    : Maximum hardware read size: 1024 samples, Software buffer size: 512 samples, Number of software buffers: 4.
[LOG] Thread::initThread                       : Init FMOD stream thread. Affinity: 0x8000000000000003, Priority: 0xFFFF7FFB, Stack Size: 98304, Semaphore: No, Sleep Time: 10, Looping: Yes.
[LOG] Thread::initThread                       : Init FMOD mixer thread. Affinity: 0x8000000000000001, Priority: 0xFFFF7FFA, Stack Size: 81920, Semaphore: Yes, Sleep Time: 0, Looping: Yes.
[LOG] AsyncManager::init                       : manager 0x7f910c150408 isAsync 0 updatePeriod 0.02
[LOG] AsyncManager::init                       : done
[LOG] PlaybackSystem::init                     : 
[LOG] Thread::initThread                       : Init FMOD Studio sample load thread. Affinity: 0x8000000000000003, Priority: 0xFFFF7FFD, Stack Size: 98304, Semaphore: No, Sleep Time: 1, Looping: No.
[LOG] PlaybackSystem::init                     : done
[LOG] Thread::initThread                       : Init FMOD Studio bank load thread. Affinity: 0x8000000000000003, Priority: 0xFFFF7FFD, Stack Size: 98304, Semaphore: No, Sleep Time: 1, Looping: No.
[LOG] Manager::init                            : done.
[LOG] Manager::readBank                        : fileversion = 132, compatVersion = 132 (oldest = 44, newest = 135)
[LOG] SystemI::createSound                     : filename = Assets/Audio/Trap_parTy/Build/Desktop/Master.bank : mode 02010082
[LOG] SystemI::createSound                     : FMOD_NONBLOCKING specified.  Putting into queue to be opened asynchronously!
[LOG] Thread::initThread                       : Init FMOD nonblocking thread (0). Affinity: 0x8000000000000003, Priority: 0xFFFF7FFC, Stack Size: 114688, Semaphore: Yes, Sleep Time: 0, Looping: Yes.
[LOG] SystemI::createSound                     : setdata soundi = 0x7f9113837498 : node = 0x7f9113834aa0
[LOG] SystemI::createSound                     : add node to async list : head = 0x7f91138381a8.  list count = 0
[LOG] AsyncThread::threadFunc                  : Starting Asynchronous operation on sound 0x7f9113837498
[LOG] SystemI::createSoundInternal             :     Create name='Assets/Audio/Trap_parTy/Build/Desktop/Master.bank', mode=0x02010082
[LOG] SystemI::createSoundInternal             :     exinfo->cbsize             = 224
[LOG] SystemI::createSoundInternal             :     exinfo->length             = 3554784
[LOG] SystemI::createSoundInternal             :     exinfo->fileoffset         = 11872
[LOG] SystemI::createSoundInternal             :     exinfo->numsubsounds       = 1
[LOG] SystemI::createSoundInternal             :     exinfo->inclusionlist      = 0x7f9113834bb0
[LOG] SystemI::createSoundInternal             :     exinfo->inclusionlistnum   = 1
[LOG] SystemI::createSoundInternal             :     exinfo->suggestedsoundtype = 5
[LOG] SystemI::createSoundInternal             :     exinfo->initialseekposition = 612
[LOG] SystemI::createSoundInternal             :     exinfo->initialseekpostype = 1
[LOG] SystemI::createSoundInternal             :     Stream 0/1: name='Trap Party 1 [2021-04-13 231841]', format=5, channels=2, frequency=48000, lengthbytes=932608, lengthpcm=3791020, pcmblocksize=0, loopstart=0, loopend=0, mode=0x00000000, channelmask=0x00000000, channelorder=0, peakvolume=0.999900.
[LOG] Thread::initThread                       :     Init FMOD file thread. Affinity: 0x8000000000000003, Priority: 0xFFFF7FFC, Stack Size: 49152, Semaphore: No, Sleep Time: 10, Looping: Yes.
[LOG] AsyncThread::threadFunc                  : Finished Asynchronous operation on sound 0x7f9113837498
[LOG] Manager::readBank                        : fileversion = 132, compatVersion = 132 (oldest = 44, newest = 135)
[LOG] SystemI::createSound                     : filename = Assets/Audio/Trap_parTy/Build/Desktop/Master.bank : mode 02010082
[LOG] SystemI::createSound                     : FMOD_NONBLOCKING specified.  Putting into queue to be opened asynchronously!
[LOG] SystemI::createSound                     : setdata soundi = 0x7f910b4f9c58 : node = 0x7f911767c190
[LOG] SystemI::createSound                     : add node to async list : head = 0x7f91138381a8.  list count = 0
[LOG] AsyncThread::threadFunc                  : Starting Asynchronous operation on sound 0x7f910b4f9c58
[LOG] SystemI::createSoundInternal             :     Create name='Assets/Audio/Trap_parTy/Build/Desktop/Master.bank', mode=0x02010082
[LOG] SystemI::createSoundInternal             :     exinfo->cbsize             = 224
[LOG] SystemI::createSoundInternal             :     exinfo->length             = 3554784
[LOG] SystemI::createSoundInternal             :     exinfo->fileoffset         = 11872
[LOG] SystemI::createSoundInternal             :     exinfo->numsubsounds       = 1
[LOG] SystemI::createSoundInternal             :     exinfo->inclusionlist      = 0x7f911767c2a0
[LOG] SystemI::createSoundInternal             :     exinfo->inclusionlistnum   = 1
[LOG] SystemI::createSoundInternal             :     exinfo->suggestedsoundtype = 5
[LOG] SystemI::createSoundInternal             :     exinfo->initialseekpostype = 1
[LOG] SystemI::createSound                     : filename = Assets/Audio/Trap_parTy/Build/Desktop/Master.bank : mode 02010082
[LOG] SystemI::createSound                     :     FMOD_NONBLOCKING specified.  Putting into queue to be opened asynchronously!
[LOG] SystemI::createSound                     :     setdata soundi = 0x7f911767b218 : node = 0x7f911767b3d0
[LOG] SystemI::createSound                     :     add node to async list : head = 0x7f91138381a8.  list count = 0
[LOG] SystemI::createSoundInternal             :     Stream 0/1: name='SwampThing Rhythm Animals', format=5, channels=2, frequency=48000, lengthbytes=173280, lengthpcm=658286, pcmblocksize=0, loopstart=0, loopend=0, mode=0x00000000, channelmask=0x00000000, channelorder=0, peakvolume=0.999908.
[LOG] AsyncThread::threadFunc                  : Finished Asynchronous operation on sound 0x7f910b4f9c58
[LOG] AsyncThread::threadFunc                  : Starting Asynchronous operation on sound 0x7f911767b218
[LOG] SystemI::createSoundInternal             :     Create name='Assets/Audio/Trap_parTy/Build/Desktop/Master.bank', mode=0x02010082
[LOG] SystemI::createSoundInternal             :     exinfo->cbsize             = 224
[LOG] SystemI::createSoundInternal             :     exinfo->length             = 3554784
[LOG] SystemI::createSoundInternal             :     exinfo->fileoffset         = 11872
[LOG] SystemI::createSoundInternal             :     exinfo->numsubsounds       = 1
[LOG] SystemI::createSoundInternal             :     exinfo->inclusionlist      = 0x7f911767b4e0
[LOG] SystemI::createSoundInternal             :     exinfo->inclusionlistnum   = 1
[LOG] SystemI::createSoundInternal             :     exinfo->suggestedsoundtype = 5
[LOG] SystemI::createSoundInternal             :     exinfo->initialseekpostype = 1
[LOG] SystemI::createSoundInternal             :     Stream 0/1: name='SwampThing Rhythm Animals', format=5, channels=2, frequency=48000, lengthbytes=173280, lengthpcm=658286, pcmblocksize=0, loopstart=0, loopend=0, mode=0x00000000, channelmask=0x00000000, channelorder=0, peakvolume=0.999908.
[LOG] AsyncThread::threadFunc                  : Finished Asynchronous operation on sound 0x7f911767b218
[LOG] Manager::readBank                        : fileversion = 132, compatVersion = 132 (oldest = 44, newest = 135)
[LOG] SystemI::createSound                     : filename = Assets/Audio/Trap_parTy/Build/Desktop/Master.bank : mode 02010082
[LOG] SystemI::createSound                     : FMOD_NONBLOCKING specified.  Putting into queue to be opened asynchronously!
[LOG] SystemI::createSound                     : setdata soundi = 0x7f9113c2c238 : node = 0x7f9113cd4780
[LOG] SystemI::createSound                     : add node to async list : head = 0x7f91138381a8.  list count = 0
[LOG] AsyncThread::threadFunc                  : Starting Asynchronous operation on sound 0x7f9113c2c238
[LOG] SystemI::createSoundInternal             :     Create name='Assets/Audio/Trap_parTy/Build/Desktop/Master.bank', mode=0x02010082
[LOG] SystemI::createSoundInternal             :     exinfo->cbsize             = 224
[LOG] SystemI::createSoundInternal             :     exinfo->length             = 3554784
[LOG] SystemI::createSoundInternal             :     exinfo->fileoffset         = 11872
[LOG] SystemI::createSoundInternal             :     exinfo->numsubsounds       = 1
[LOG] SystemI::createSoundInternal             :     exinfo->inclusionlist      = 0x7f9113cd4890
[LOG] SystemI::createSoundInternal             :     exinfo->inclusionlistnum   = 1
[LOG] SystemI::createSound                     :     filename = Assets/Audio/Trap_parTy/Build/Desktop/Master.bank : mode 02010082
[LOG] SystemI::createSound                     :     FMOD_NONBLOCKING specified.  Putting into queue to be opened asynchronously!
[LOG] SystemI::createSound                     :     setdata soundi = 0x7f9113ccf768 : node = 0x7f9113cd4920
[LOG] SystemI::createSound                     :     add node to async list : head = 0x7f91138381a8.  list count = 0
[LOG] SystemI::createSoundInternal             :     exinfo->suggestedsoundtype = 5
[LOG] SystemI::createSoundInternal             :     exinfo->initialseekpostype = 1
[LOG] SystemI::createSoundInternal             :     Stream 0/1: name='Big Up (Instrumental) [2021-04-13 194943]', format=5, channels=2, frequency=48000, lengthbytes=160096, lengthpcm=720000, pcmblocksize=0, loopstart=0, loopend=0, mode=0x00000000, channelmask=0x00000000, channelorder=0, peakvolume=0.999908.
[LOG] AsyncThread::threadFunc                  : Finished Asynchronous operation on sound 0x7f9113c2c238
[LOG] AsyncThread::threadFunc                  : Starting Asynchronous operation on sound 0x7f9113ccf768
[LOG] SystemI::createSoundInternal             :     Create name='Assets/Audio/Trap_parTy/Build/Desktop/Master.bank', mode=0x02010082
[LOG] SystemI::createSoundInternal             :     exinfo->cbsize             = 224
[LOG] SystemI::createSoundInternal             :     exinfo->length             = 3554784
[LOG] SystemI::createSoundInternal             :     exinfo->fileoffset         = 11872
[LOG] SystemI::createSoundInternal             :     exinfo->numsubsounds       = 1
[LOG] SystemI::createSoundInternal             :     exinfo->inclusionlist      = 0x7f9113cd4a30
[LOG] SystemI::createSoundInternal             :     exinfo->inclusionlistnum   = 1
[LOG] SystemI::createSoundInternal             :     exinfo->suggestedsoundtype = 5
[LOG] SystemI::createSoundInternal             :     exinfo->initialseekpostype = 1
[LOG] SystemI::createSoundInternal             :     Stream 0/1: name='Big Up (Instrumental) [2021-04-13 194943]', format=5, channels=2, frequency=48000, lengthbytes=160096, lengthpcm=720000, pcmblocksize=0, loopstart=0, loopend=0, mode=0x00000000, channelmask=0x00000000, channelorder=0, peakvolume=0.999908.
[LOG] AsyncThread::threadFunc                  : Finished Asynchronous operation on sound 0x7f9113ccf768
[LOG] Manager::readBank                        : fileversion = 132, compatVersion = 132 (oldest = 44, newest = 135)
[LOG] Manager::readBank                        : fileversion = 132, compatVersion = 132 (oldest = 44, newest = 135)
[LOG] SystemI::createSoundInternal             : Create name='', mode=0x02000202
[LOG] SystemI::createSoundInternal             : exinfo->cbsize             = 224
[LOG] SystemI::createSoundInternal             : exinfo->length             = 100096
[LOG] SystemI::createSoundInternal             : exinfo->fileoffset         = 4384
[LOG] SystemI::createSoundInternal             : exinfo->numsubsounds       = 1
[LOG] SystemI::createSoundInternal             : exinfo->inclusionlist      = 0x70000ccd88b4
[LOG] SystemI::createSoundInternal             : exinfo->inclusionlistnum   = 1
[LOG] SystemI::createSoundInternal             : exinfo->suggestedsoundtype = 5
[LOG] SystemI::createSoundInternal             : exinfo->useropen           = 0x1524877fa
[LOG] SystemI::createSoundInternal             : exinfo->userclose          = 0x1524878b1
[LOG] SystemI::createSoundInternal             : exinfo->userread           = 0x1524878de
[LOG] SystemI::createSoundInternal             : exinfo->userseek           = 0x152487982
[LOG] SystemI::createSoundInternal             : exinfo->fileuserdata       = 0x7f9113a49288
[LOG] SystemI::createSoundInternal             : exinfo->initialseekpostype = 1
[LOG] SystemI::DSPCodecPoolRegister            : register codec pool for pool type 5
[LOG] SystemI::createSoundInternal             : Sample 0/1: name='Jump 1 [2021-04-06 230508]', format=5, channels=2, frequency=48000, lengthbytes=10560, lengthpcm=44313, pcmblocksize=0, loopstart=0, loopend=0, mode=0x00000000, channelmask=0x00000000, channelorder=0, peakvolume=0.226654.
[LOG] SystemI::createSoundInternal             : Create name='', mode=0x02000202
[LOG] SystemI::createSoundInternal             : exinfo->cbsize             = 224
[LOG] SystemI::createSoundInternal             : exinfo->length             = 100096
[LOG] SystemI::createSoundInternal             : exinfo->fileoffset         = 4384
[LOG] SystemI::createSoundInternal             : exinfo->numsubsounds       = 1
[LOG] SystemI::createSoundInternal             : exinfo->inclusionlist      = 0x70000ccd88b4
[LOG] SystemI::createSoundInternal             : exinfo->inclusionlistnum   = 1
[LOG] SystemI::createSoundInternal             : exinfo->suggestedsoundtype = 5
[LOG] SystemI::createSoundInternal             : exinfo->useropen           = 0x1524877fa
[LOG] SystemI::createSoundInternal             : exinfo->userclose          = 0x1524878b1
[LOG] SystemI::createSoundInternal             : exinfo->userread           = 0x1524878de
[LOG] SystemI::createSoundInternal             : exinfo->userseek           = 0x152487982
[LOG] SystemI::createSoundInternal             : exinfo->fileuserdata       = 0x7f9113a49288
[LOG] SystemI::createSoundInternal             : exinfo->initialseekpostype = 1
[LOG] SystemI::DSPCodecPoolRegister            : register codec pool for pool type 5
[LOG] SystemI::createSoundInternal             : Sample 0/1: name='Jump 3 [2021-04-06 230615]', format=5, channels=2, frequency=48000, lengthbytes=10944, lengthpcm=38626, pcmblocksize=0, loopstart=0, loopend=0, mode=0x00000000, channelmask=0x00000000, channelorder=0, peakvolume=0.227814.
[LOG] SystemI::createSoundInternal             : Create name='', mode=0x02000202
[LOG] SystemI::createSoundInternal             : exinfo->cbsize             = 224
[LOG] SystemI::createSoundInternal             : exinfo->length             = 100096
[LOG] SystemI::createSoundInternal             : exinfo->fileoffset         = 4384
[LOG] SystemI::createSoundInternal             : exinfo->numsubsounds       = 1
[LOG] SystemI::createSoundInternal             : exinfo->inclusionlist      = 0x70000ccd88b4
[LOG] SystemI::createSoundInternal             : exinfo->inclusionlistnum   = 1
[LOG] SystemI::createSoundInternal             : exinfo->suggestedsoundtype = 5
[LOG] SystemI::createSoundInternal             : exinfo->useropen           = 0x1524877fa
[LOG] SystemI::createSoundInternal             : exinfo->userclose          = 0x1524878b1
[LOG] SystemI::createSoundInternal             : exinfo->userread           = 0x1524878de
[LOG] SystemI::createSoundInternal             : exinfo->userseek           = 0x152487982
[LOG] SystemI::createSoundInternal             : exinfo->fileuserdata       = 0x7f9113a49288
[LOG] SystemI::createSoundInternal             : exinfo->initialseekpostype = 1
[LOG] SystemI::DSPCodecPoolRegister            : register codec pool for pool type 5
[LOG] SystemI::createSoundInternal             : Sample 0/1: name='Jump 4 [2021-04-06 230715]', format=5, channels=2, frequency=48000, lengthbytes=9536, lengthpcm=33751, pcmblocksize=0, loopstart=0, loopend=0, mode=0x00000000, channelmask=0x00000000, channelorder=0, peakvolume=0.226898.
[LOG] SystemI::createSoundInternal             : Create name='', mode=0x02000202
[LOG] SystemI::createSoundInternal             : exinfo->cbsize             = 224
[LOG] SystemI::createSoundInternal             : exinfo->length             = 100096
[LOG] SystemI::createSoundInternal             : exinfo->fileoffset         = 4384
[LOG] SystemI::createSoundInternal             : exinfo->numsubsounds       = 1
[LOG] SystemI::createSoundInternal             : exinfo->inclusionlist      = 0x70000ccd88b4
[LOG] SystemI::createSoundInternal             : exinfo->inclusionlistnum   = 1
[LOG] SystemI::createSoundInternal             : exinfo->suggestedsoundtype = 5
[LOG] SystemI::createSoundInternal             : exinfo->useropen           = 0x1524877fa
[LOG] SystemI::createSoundInternal             : exinfo->userclose          = 0x1524878b1
[LOG] SystemI::createSoundInternal             : exinfo->userread           = 0x1524878de
[LOG] SystemI::createSoundInternal             : exinfo->userseek           = 0x152487982
[LOG] SystemI::createSoundInternal             : exinfo->fileuserdata       = 0x7f9113a49288
[LOG] SystemI::createSoundInternal             : exinfo->initialseekpostype = 1
[LOG] SystemI::DSPCodecPoolRegister            : register codec pool for pool type 5
[LOG] SystemI::createSoundInternal             : Sample 0/1: name='Jump 2 [2021-04-06 230505]', format=5, channels=2, frequency=48000, lengthbytes=11968, lengthpcm=43266, pcmblocksize=0, loopstart=0, loopend=0, mode=0x00000000, channelmask=0x00000000, channelorder=0, peakvolume=0.228119.
[LOG] SystemI::createSound                     : filename = Assets/Audio/Trap_parTy/Build/Desktop/Master.bank : mode 02010082
[LOG] SystemI::createSound                     : FMOD_NONBLOCKING specified.  Putting into queue to be opened asynchronously!
[LOG] SystemI::createSound                     : setdata soundi = 0x7f9115209a68 : node = 0x7f911520f310
[LOG] SystemI::createSound                     : add node to async list : head = 0x7f91138381a8.  list count = 0
[LOG] AsyncThread::threadFunc                  : Starting Asynchronous operation on sound 0x7f9115209a68
[LOG] SystemI::createSoundInternal             :     Create name='Assets/Audio/Trap_parTy/Build/Desktop/Master.bank', mode=0x02010082
[LOG] SystemI::createSoundInternal             :     exinfo->cbsize             = 224
[LOG] SystemI::createSound                     : filename = Assets/Audio/Trap_parTy/Build/Desktop/Master.bank : mode 02010082
[LOG] SystemI::createSoundInternal             :     exinfo->length             = 3554784
[LOG] SystemI::createSoundInternal             :     exinfo->fileoffset         = 11872
[LOG] SystemI::createSoundInternal             :     exinfo->numsubsounds       = 1
[LOG] SystemI::createSoundInternal             :     exinfo->inclusionlist      = 0x7f911520f420
[LOG] SystemI::createSoundInternal             :     exinfo->inclusionlistnum   = 1
[LOG] SystemI::createSoundInternal             :     exinfo->suggestedsoundtype = 5
[LOG] SystemI::createSoundInternal             :     exinfo->initialseekpostype = 1
[LOG] SystemI::createSound                     :     FMOD_NONBLOCKING specified.  Putting into queue to be opened asynchronously!
[LOG] SystemI::createSound                     :     setdata soundi = 0x7f9115211618 : node = 0x7f911520eb60
[LOG] SystemI::createSound                     :     add node to async list : head = 0x7f91138381a8.  list count = 0
[LOG] SystemI::createSoundInternal             :     Stream 0/1: name='SwampThing Rhythm Animals', format=5, channels=2, frequency=48000, lengthbytes=173280, lengthpcm=658286, pcmblocksize=0, loopstart=0, loopend=0, mode=0x00000000, channelmask=0x00000000, channelorder=0, peakvolume=0.999908.
[LOG] AsyncThread::threadFunc                  : Finished Asynchronous operation on sound 0x7f9115209a68
[LOG] AsyncThread::threadFunc                  : Starting Asynchronous operation on sound 0x7f9115211618
[LOG] SystemI::createSoundInternal             :     Create name='Assets/Audio/Trap_parTy/Build/Desktop/Master.bank', mode=0x02010082
[LOG] SystemI::createSoundInternal             :     exinfo->cbsize             = 224
[LOG] SystemI::createSoundInternal             :     exinfo->length             = 3554784
[LOG] SystemI::createSoundInternal             :     exinfo->fileoffset         = 11872
[LOG] SystemI::createSoundInternal             :     exinfo->numsubsounds       = 1
[LOG] SystemI::createSoundInternal             :     exinfo->inclusionlist      = 0x7f911520ec70
[LOG] SystemI::createSoundInternal             :     exinfo->inclusionlistnum   = 1
[LOG] SystemI::createSoundInternal             :     exinfo->suggestedsoundtype = 5
[LOG] SystemI::createSoundInternal             :     exinfo->initialseekpostype = 1
[LOG] SystemI::createSoundInternal             :     Stream 0/1: name='SwampThing Rhythm Animals', format=5, channels=2, frequency=48000, lengthbytes=173280, lengthpcm=658286, pcmblocksize=0, loopstart=0, loopend=0, mode=0x00000000, channelmask=0x00000000, channelorder=0, peakvolume=0.999908.
[LOG] AsyncThread::threadFunc                  : Finished Asynchronous operation on sound 0x7f9115211618
[LOG] SoundI::release                          : SwampThing Rhythm Animals (0x7f911767b218)
[LOG] SoundI::release                          :     SwampThing Rhythm Animals (0x7f9113c27908)
[LOG] SoundI::release                          :     SwampThing Rhythm Animals (0x7f9113c443e8)
[LOG] SoundI::release                          : SwampThing Rhythm Animals (0x7f910b4f9c58)
[LOG] SoundI::release                          :     SwampThing Rhythm Animals (0x7f9113c978f8)
[LOG] SoundI::release                          :     SwampThing Rhythm Animals (0x7f9113cc3c78)
[LOG] SystemI::createSoundInternal             : Create name='', mode=0x02000202
[LOG] SystemI::createSoundInternal             : exinfo->cbsize             = 224
[LOG] SystemI::createSoundInternal             : exinfo->length             = 100096
[LOG] SystemI::createSoundInternal             : exinfo->fileoffset         = 4384
[LOG] SystemI::createSoundInternal             : exinfo->numsubsounds       = 1
[LOG] SystemI::createSoundInternal             : exinfo->inclusionlist      = 0x70000ccd88b4
[LOG] SystemI::createSoundInternal             : exinfo->inclusionlistnum   = 1
[LOG] SystemI::createSoundInternal             : exinfo->suggestedsoundtype = 5
[LOG] SystemI::createSoundInternal             : exinfo->useropen           = 0x1524877fa
[LOG] SystemI::createSoundInternal             : exinfo->userclose          = 0x1524878b1
[LOG] SystemI::createSoundInternal             : exinfo->userread           = 0x1524878de
[LOG] SystemI::createSoundInternal             : exinfo->userseek           = 0x152487982
[LOG] SystemI::createSoundInternal             : exinfo->fileuserdata       = 0x7f91157bffe8
[LOG] SystemI::createSoundInternal             : exinfo->initialseekpostype = 1
[LOG] SystemI::DSPCodecPoolRegister            : register codec pool for pool type 5
[LOG] SystemI::createSoundInternal             : Sample 0/1: name='Death 1 [2021-04-07 003713]', format=5, channels=2, frequency=48000, lengthbytes=23968, lengthpcm=72868, pcmblocksize=0, loopstart=0, loopend=0, mode=0x00000000, channelmask=0x00000000, channelorder=0, peakvolume=0.572784.
[LOG] SystemI::createSoundInternal             : Create name='', mode=0x02000202
[LOG] SystemI::createSoundInternal             : exinfo->cbsize             = 224
[LOG] SystemI::createSoundInternal             : exinfo->length             = 100096
[LOG] SystemI::createSoundInternal             : exinfo->fileoffset         = 4384
[LOG] SystemI::createSoundInternal             : exinfo->numsubsounds       = 1
[LOG] SystemI::createSoundInternal             : exinfo->inclusionlist      = 0x70000ccd88b4
[LOG] SystemI::createSoundInternal             : exinfo->inclusionlistnum   = 1
[LOG] SystemI::createSoundInternal             : exinfo->suggestedsoundtype = 5
[LOG] SystemI::createSoundInternal             : exinfo->useropen           = 0x1524877fa
[LOG] SystemI::createSoundInternal             : exinfo->userclose          = 0x1524878b1
[LOG] SystemI::createSoundInternal             : exinfo->userread           = 0x1524878de
[LOG] SystemI::createSoundInternal             : exinfo->userseek           = 0x152487982
[LOG] SystemI::createSoundInternal             : exinfo->fileuserdata       = 0x7f91157bffe8
[LOG] SystemI::createSoundInternal             : exinfo->initialseekpostype = 1
[LOG] SystemI::DSPCodecPoolRegister            : register codec pool for pool type 5
[LOG] SystemI::createSoundInternal             : Sample 0/1: name='ReSpawn [2021-04-07 004627]', format=5, channels=2, frequency=48000, lengthbytes=32672, lengthpcm=128000, pcmblocksize=0, loopstart=0, loopend=0, mode=0x00000000, channelmask=0x00000000, channelorder=0, peakvolume=0.999908.
[LOG] SystemI::createSound                     : filename = Assets/Audio/Trap_parTy/Build/Desktop/Master.bank : mode 02010082
[LOG] SystemI::createSound                     : FMOD_NONBLOCKING specified.  Putting into queue to be opened asynchronously!
[LOG] SystemI::createSound                     : setdata soundi = 0x7f9113a0cf08 : node = 0x7f9113a9fb10
[LOG] SystemI::createSound                     : add node to async list : head = 0x7f91138381a8.  list count = 0
[LOG] AsyncThread::threadFunc                  : Starting Asynchronous operation on sound 0x7f9113a0cf08
[LOG] SystemI::createSoundInternal             :     Create name='Assets/Audio/Trap_parTy/Build/Desktop/Master.bank', mode=0x02010082
[LOG] SystemI::createSoundInternal             :     exinfo->cbsize             = 224
[LOG] SystemI::createSoundInternal             :     exinfo->length             = 3554784
[LOG] SystemI::createSoundInternal             :     exinfo->fileoffset         = 11872
[LOG] SystemI::createSound                     : filename = Assets/Audio/Trap_parTy/Build/Desktop/Master.bank : mode 02010082
[LOG] SystemI::createSound                     :     FMOD_NONBLOCKING specified.  Putting into queue to be opened asynchronously!
[LOG] SystemI::createSoundInternal             :     exinfo->numsubsounds       = 1
[LOG] SystemI::createSoundInternal             :     exinfo->inclusionlist      = 0x7f9113a9fc20
[LOG] SystemI::createSoundInternal             :     exinfo->inclusionlistnum   = 1
[LOG] SystemI::createSoundInternal             :     exinfo->suggestedsoundtype = 5
[LOG] SystemI::createSound                     :     setdata soundi = 0x7f9114704158 : node = 0x7f91147a3470
[LOG] SystemI::createSound                     :     add node to async list : head = 0x7f91138381a8.  list count = 0
[LOG] SystemI::createSoundInternal             :     exinfo->initialseekpostype = 1
[LOG] SystemI::createSoundInternal             :     Stream 0/1: name='Big Up (Instrumental) [2021-04-13 194943]', format=5, channels=2, frequency=48000, lengthbytes=160096, lengthpcm=720000, pcmblocksize=0, loopstart=0, loopend=0, mode=0x00000000, channelmask=0x00000000, channelorder=0, peakvolume=0.999908.
[LOG] AsyncThread::threadFunc                  : Finished Asynchronous operation on sound 0x7f9113a0cf08
[LOG] AsyncThread::threadFunc                  : Starting Asynchronous operation on sound 0x7f9114704158
[LOG] SystemI::createSoundInternal             :     Create name='Assets/Audio/Trap_parTy/Build/Desktop/Master.bank', mode=0x02010082
[LOG] SystemI::createSoundInternal             :     exinfo->cbsize             = 224
[LOG] SystemI::createSoundInternal             :     exinfo->length             = 3554784
[LOG] SystemI::createSoundInternal             :     exinfo->fileoffset         = 11872
[LOG] SystemI::createSoundInternal             :     exinfo->numsubsounds       = 1
[LOG] SystemI::createSoundInternal             :     exinfo->inclusionlist      = 0x7f91147a3580
[LOG] SystemI::createSoundInternal             :     exinfo->inclusionlistnum   = 1
[LOG] SystemI::createSoundInternal             :     exinfo->suggestedsoundtype = 5
[LOG] SystemI::createSoundInternal             :     exinfo->initialseekpostype = 1
[LOG] SystemI::createSoundInternal             :     Stream 0/1: name='Big Up (Instrumental) [2021-04-13 194943]', format=5, channels=2, frequency=48000, lengthbytes=160096, lengthpcm=720000, pcmblocksize=0, loopstart=0, loopend=0, mode=0x00000000, channelmask=0x00000000, channelorder=0, peakvolume=0.999908.
[LOG] AsyncThread::threadFunc                  : Finished Asynchronous operation on sound 0x7f9114704158
[LOG] SoundI::release                          : Big Up (Instrumental) [2021-04-13 194943] (0x7f9113ccf768)
[LOG] SoundI::release                          :     Big Up (Instrumental) [2021-04-13 194943] (0x7f911520ae98)
[LOG] SoundI::release                          :     Big Up (Instrumental) [2021-04-13 194943] (0x7f9115236d48)
[LOG] SoundI::release                          : Big Up (Instrumental) [2021-04-13 194943] (0x7f9113c2c238)
[LOG] SoundI::release                          :     Big Up (Instrumental) [2021-04-13 194943] (0x7f9115211848)
[LOG] SoundI::release                          :     Big Up (Instrumental) [2021-04-13 194943] (0x7f9115237468)
[LOG] SoundI::release                          : Big Up (Instrumental) [2021-04-13 194943] (0x7f9114704158)
[LOG] SoundI::release                          :     Big Up (Instrumental) [2021-04-13 194943] (0x7f91157ea608)
[LOG] SoundI::release                          :     Big Up (Instrumental) [2021-04-13 194943] (0x7f91157e8e58)
[LOG] SoundI::release                          : Big Up (Instrumental) [2021-04-13 194943] (0x7f9113a0cf08)
[LOG] SoundI::release                          :     Big Up (Instrumental) [2021-04-13 194943] (0x7f91157f5858)
[LOG] SoundI::release                          :     Big Up (Instrumental) [2021-04-13 194943] (0x7f9115011278)
[LOG] SoundI::release                          : Trap Party 1 [2021-04-13 231841] (0x7f9113837498)
[LOG] SoundI::release                          :     Trap Party 1 [2021-04-13 231841] (0x7f9117766e68)
[LOG] SoundI::release                          :     Trap Party 1 [2021-04-13 231841] (0x7f9117782348)
[LOG] SoundI::release                          : SwampThing Rhythm Animals (0x7f9115211618)
[LOG] SoundI::release                          :     SwampThing Rhythm Animals (0x7f9113ca0f18)
[LOG] SoundI::release                          :     SwampThing Rhythm Animals (0x7f9113c102e8)
[LOG] SoundI::release                          : SwampThing Rhythm Animals (0x7f9115209a68)
[LOG] SoundI::release                          :     SwampThing Rhythm Animals (0x7f9113cfa238)
[LOG] SoundI::release                          :     SwampThing Rhythm Animals (0x7f9113c2ff48)
[LOG] SoundI::release                          :  (0x7f9115720e18)
[LOG] SoundI::release                          :     Death 1 [2021-04-07 003713] (0x7f9114072f88)
[LOG] SoundI::release                          :  (0x7f91157210c8)
[LOG] SoundI::release                          :     ReSpawn [2021-04-07 004627] (0x7f91157e76e8)
[LOG] SoundI::release                          :  (0x7f91147ee018)
[LOG] SoundI::release                          :     Jump 1 [2021-04-06 230508] (0x7f9113adcdd8)
[LOG] SoundI::release                          :  (0x7f9113ac88f8)
[LOG] SoundI::release                          :     Jump 2 [2021-04-06 230505] (0x7f911530d058)
[LOG] SoundI::release                          :  (0x7f9113acf488)
[LOG] SoundI::release                          :     Jump 3 [2021-04-06 230615] (0x7f9114744fd8)
[LOG] SoundI::release                          :  (0x7f9113ac3538)
[LOG] SoundI::release                          :     Jump 4 [2021-04-06 230715] (0x7f911472d158)
[LOG] Thread::callback                         : FMOD Studio update thread finished.
[LOG] Thread::callback                         : FMOD Studio bank load thread finished.
[LOG] Profile::disconnectAll                   : Profiler disconnecting all clients
[LOG] Thread::callback                         : FMOD Studio sample load thread finished.
[LOG] LiveUpdate::release                      : 
[LOG] LiveUpdate::reset                        : Reset connection (reason Disconnected)
[LOG] Thread::callback                         : FMOD stream thread finished.
[LOG] Thread::callback                         : FMOD mixer thread finished.
[LOG] Profile::disconnectAll                   : Profiler disconnecting all clients
[LOG] SystemI::close                           : Closed.
